This is LuaHBTeX, Version 1.18.0 (TeX Live 2024)  (format=lualatex 2025.2.21)  4 DEC 2025 12:31
 restricted system commands enabled.
 file:line:error style messages enabled.
**c:/Users/86151/Desktop/MiddleAges/main.tex
(c:/Users/86151/Desktop/MiddleAges/main.tex
LaTeX2e <2023-11-01> patch level 1
L3 programming layer <2024-02-20>
Lua module: luaotfload 2024-02-14 3.28 Lua based OpenType font support
Lua module: lualibs 2023-07-13 2.76 ConTeXt Lua standard libraries.
Lua module: lualibs-extended 2023-07-13 2.76 ConTeXt Lua libraries -- extended collection.
luaotfload | conf : Root cache directory is "C:/Users/86151/.texlive2024/texmf-var/luatex-cache/generic/names".
luaotfload | init : Loading fontloader "fontloader-2023-12-28.lua" from kpse-resolved path "d:/LenovoSoftstore/TexLive/texlive/2024/texmf-dist/tex/luatex/luaotfload/fontloader-2023-12-28.lua".
Lua-only attribute luaotfload@noligature = 1
luaotfload | init : Context OpenType loader version 3.134
Inserting `luaotfload.node_processor' in `pre_linebreak_filter'.
Inserting `luaotfload.node_processor' in `hpack_filter'.
Inserting `luaotfload.glyph_stream' in `glyph_stream_provider'.
Inserting `luaotfload.define_font' in `define_font'.
Lua-only attribute luaotfload_color_attribute = 2
luaotfload | conf : Root cache directory is "C:/Users/86151/.texlive2024/texmf-var/luatex-cache/generic/names".
Inserting `luaotfload.harf.strip_prefix' in `find_opentype_file'.
Inserting `luaotfload.harf.strip_prefix' in `find_truetype_file'.
Removing  `luaotfload.glyph_stream' from `glyph_stream_provider'.
Inserting `luaotfload.harf.glyphstream' in `glyph_stream_provider'.
Inserting `luaotfload.harf.finalize_vlist' in `post_linebreak_filter'.
Inserting `luaotfload.harf.finalize_hlist' in `hpack_filter'.
Inserting `luaotfload.cleanup_files' in `wrapup_run'.
Inserting `luaotfload.harf.finalize_unicode' in `finish_pdffile'.
Inserting `luaotfload.glyphinfo' in `glyph_info'.
Lua-only attribute luaotfload.letterspace_done = 3
Inserting `luaotfload.aux.set_sscale_dimens' in `luaotfload.patch_font'.
Inserting `luaotfload.aux.set_font_index' in `luaotfload.patch_font'.
Inserting `luaotfload.aux.patch_cambria_domh' in `luaotfload.patch_font'.
Inserting `luaotfload.aux.fixup_fontdata' in `luaotfload.patch_font_unsafe'.
Inserting `luaotfload.aux.set_capheight' in `luaotfload.patch_font'.
Inserting `luaotfload.aux.set_xheight' in `luaotfload.patch_font'.
Inserting `luaotfload.rewrite_fontname' in `luaotfload.patch_font'.
Inserting `tracingstacklevels' in `input_level_string'. (./MiddleAges.cls
Document Class: MiddleAges 2025/12/04 v16.0 Ultimate Manuscript Version
(d:/LenovoSoftstore/TexLive/texlive/2024/texmf-dist/tex/latex/base/book.cls
Document Class: book 2023/05/17 v1.4n Standard LaTeX document class
(d:/LenovoSoftstore/TexLive/texlive/2024/texmf-dist/tex/latex/base/bk10.clo
File: bk10.clo 2023/05/17 v1.4n Standard LaTeX file (size option)
luaotfload | db : Font names database loaded from C:/Users/86151/.texlive2024/texmf-var/luatex-cache/generic/names/luaotfload-names.luc.gz)
\c@part=\count186
\c@chapter=\count187
\c@section=\count188
\c@subsection=\count189
\c@subsubsection=\count190
\c@paragraph=\count191
\c@subparagraph=\count192
\c@figure=\count193
\c@table=\count194
\abovecaptionskip=\skip48
\belowcaptionskip=\skip49
\bibindent=\dimen139
) (d:/LenovoSoftstore/TexLive/texlive/2024/texmf-dist/tex/latex/geometry/geometry.sty
Package: geometry 2020/01/02 v5.9 Page Geometry
 (d:/LenovoSoftstore/TexLive/texlive/2024/texmf-dist/tex/latex/graphics/keyval.sty
Package: keyval 2022/05/29 v1.15 key=value parser (DPC)
\KV@toks@=\toks17
) (d:/LenovoSoftstore/TexLive/texlive/2024/texmf-dist/tex/generic/iftex/ifvtex.sty
Package: ifvtex 2019/10/25 v1.7 ifvtex legacy package. Use iftex instead.
 (d:/LenovoSoftstore/TexLive/texlive/2024/texmf-dist/tex/generic/iftex/iftex.sty
Package: iftex 2022/02/03 v1.0f TeX engine tests
))
\Gm@cnth=\count195
\Gm@cntv=\count196
\c@Gm@tempcnt=\count197
\Gm@bindingoffset=\dimen140
\Gm@wd@mp=\dimen141
\Gm@odd@mp=\dimen142
\Gm@even@mp=\dimen143
\Gm@layoutwidth=\dimen144
\Gm@layoutheight=\dimen145
\Gm@layouthoffset=\dimen146
\Gm@layoutvoffset=\dimen147
\Gm@dimlist=\toks18
) (d:/LenovoSoftstore/TexLive/texlive/2024/texmf-dist/tex/latex/xcolor/xcolor.sty
Package: xcolor 2023/11/15 v3.01 LaTeX color extensions (UK)
 (d:/LenovoSoftstore/TexLive/texlive/2024/texmf-dist/tex/latex/graphics-cfg/color.cfg
File: color.cfg 2016/01/02 v1.6 sample color configuration
)
Package xcolor Info: Driver file: luatex.def on input line 274.
 (d:/LenovoSoftstore/TexLive/texlive/2024/texmf-dist/tex/latex/graphics-def/luatex.def
File: luatex.def 2022/09/22 v1.2d Graphics/color driver for luatex
) (d:/LenovoSoftstore/TexLive/texlive/2024/texmf-dist/tex/latex/graphics/mathcolor.ltx)
Package xcolor Info: Model `cmy' substituted by `cmy0' on input line 1350.
Package xcolor Info: Model `hsb' substituted by `rgb' on input line 1354.
Package xcolor Info: Model `RGB' extended on input line 1366.
Package xcolor Info: Model `HTML' substituted by `rgb' on input line 1368.
Package xcolor Info: Model `Hsb' substituted by `hsb' on input line 1369.
Package xcolor Info: Model `tHsb' substituted by `hsb' on input line 1370.
Package xcolor Info: Model `HSB' substituted by `hsb' on input line 1371.
Package xcolor Info: Model `Gray' substituted by `gray' on input line 1372.
Package xcolor Info: Model `wave' substituted by `hsb' on input line 1373.
) (d:/LenovoSoftstore/TexLive/texlive/2024/texmf-dist/tex/latex/microtype/microtype.sty
Package: microtype 2023/03/13 v3.1a Micro-typographical refinements (RS)
 (d:/LenovoSoftstore/TexLive/texlive/2024/texmf-dist/tex/latex/etoolbox/etoolbox.sty
Package: etoolbox 2020/10/05 v2.5k e-TeX tools for LaTeX (JAW)
\etb@tempcnta=\count198
)
\MT@toks=\toks19
\MT@tempbox=\box51
\MT@count=\count199
LaTeX Info: Redefining \noprotrusionifhmode on input line 1059.
LaTeX Info: Redefining \leftprotrusion on input line 1060.
\MT@prot@toks=\toks20
LaTeX Info: Redefining \rightprotrusion on input line 1078.
LaTeX Info: Redefining \textls on input line 1368.
\MT@outer@kern=\dimen148
LaTeX Info: Redefining \textmicrotypecontext on input line 1988.
\MT@listname@count=\count266
 (d:/LenovoSoftstore/TexLive/texlive/2024/texmf-dist/tex/latex/microtype/microtype-luatex.def
File: microtype-luatex.def 2023/03/13 v3.1a Definitions specific to luatex (RS)
Lua module: microtype 2023/03/13 3.1a microtype module.
Module microtype Info: overwriting function `keepligature' on input line 63
LaTeX Info: Redefining \lsstyle on input line 688.
LaTeX Info: Redefining \lslig on input line 688.
\MT@outer@space=\skip50
)
Package microtype Info: Loading configuration file microtype.cfg.
 (d:/LenovoSoftstore/TexLive/texlive/2024/texmf-dist/tex/latex/microtype/microtype.cfg
File: microtype.cfg 2023/03/13 v3.1a microtype main configuration file (RS)
)) (d:/LenovoSoftstore/TexLive/texlive/2024/texmf-dist/tex/latex/tools/calc.sty
Package: calc 2023/07/08 v4.3 Infix arithmetic (KKT,FJ)
\calc@Acount=\count267
\calc@Bcount=\count268
\calc@Adimen=\dimen149
\calc@Bdimen=\dimen150
\calc@Askip=\skip51
\calc@Bskip=\skip52
LaTeX Info: Redefining \setlength on input line 80.
LaTeX Info: Redefining \addtolength on input line 81.
\calc@Ccount=\count269
\calc@Cskip=\skip53
) (d:/LenovoSoftstore/TexLive/texlive/2024/texmf-dist/tex/latex/pgf/frontendlayer/tikz.sty (d:/LenovoSoftstore/TexLive/texlive/2024/texmf-dist/tex/latex/pgf/basiclayer/pgf.sty (d:/LenovoSoftstore/TexLive/texlive/2024/texmf-dist/tex/latex/pgf/utilities/pgfrcs.sty (d:/LenovoSoftstore/TexLive/texlive/2024/texmf-dist/tex/generic/pgf/utilities/pgfutil-common.tex
\pgfutil@everybye=\toks21
\pgfutil@tempdima=\dimen151
\pgfutil@tempdimb=\dimen152
) (d:/LenovoSoftstore/TexLive/texlive/2024/texmf-dist/tex/generic/pgf/utilities/pgfutil-latex.def
\pgfutil@abb=\box52
) (d:/LenovoSoftstore/TexLive/texlive/2024/texmf-dist/tex/generic/pgf/utilities/pgfrcs.code.tex (d:/LenovoSoftstore/TexLive/texlive/2024/texmf-dist/tex/generic/pgf/pgf.revision.tex)
Package: pgfrcs 2023-01-15 v3.1.10 (3.1.10)
))
Package: pgf 2023-01-15 v3.1.10 (3.1.10)
 (d:/LenovoSoftstore/TexLive/texlive/2024/texmf-dist/tex/latex/pgf/basiclayer/pgfcore.sty (d:/LenovoSoftstore/TexLive/texlive/2024/texmf-dist/tex/latex/graphics/graphicx.sty
Package: graphicx 2021/09/16 v1.2d Enhanced LaTeX Graphics (DPC,SPQR)
 (d:/LenovoSoftstore/TexLive/texlive/2024/texmf-dist/tex/latex/graphics/graphics.sty
Package: graphics 2022/03/10 v1.4e Standard LaTeX Graphics (DPC,SPQR)
 (d:/LenovoSoftstore/TexLive/texlive/2024/texmf-dist/tex/latex/graphics/trig.sty
Package: trig 2021/08/11 v1.11 sin cos tan (DPC)
) (d:/LenovoSoftstore/TexLive/texlive/2024/texmf-dist/tex/latex/graphics-cfg/graphics.cfg
File: graphics.cfg 2016/06/04 v1.11 sample graphics configuration
)
Package graphics Info: Driver file: luatex.def on input line 107.
)
\Gin@req@height=\dimen153
\Gin@req@width=\dimen154
) (d:/LenovoSoftstore/TexLive/texlive/2024/texmf-dist/tex/latex/pgf/systemlayer/pgfsys.sty (d:/LenovoSoftstore/TexLive/texlive/2024/texmf-dist/tex/generic/pgf/systemlayer/pgfsys.code.tex
Package: pgfsys 2023-01-15 v3.1.10 (3.1.10)
 (d:/LenovoSoftstore/TexLive/texlive/2024/texmf-dist/tex/generic/pgf/utilities/pgfkeys.code.tex
\pgfkeys@pathtoks=\toks22
\pgfkeys@temptoks=\toks23
 (d:/LenovoSoftstore/TexLive/texlive/2024/texmf-dist/tex/generic/pgf/utilities/pgfkeyslibraryfiltered.code.tex
\pgfkeys@tmptoks=\toks24
))
\pgf@x=\dimen155
\pgf@y=\dimen156
\pgf@xa=\dimen157
\pgf@ya=\dimen158
\pgf@xb=\dimen159
\pgf@yb=\dimen160
\pgf@xc=\dimen161
\pgf@yc=\dimen162
\pgf@xd=\dimen163
\pgf@yd=\dimen164
\w@pgf@writea=\write3
\r@pgf@reada=\read2
\c@pgf@counta=\count270
\c@pgf@countb=\count271
\c@pgf@countc=\count272
\c@pgf@countd=\count273
\t@pgf@toka=\toks25
\t@pgf@tokb=\toks26
\t@pgf@tokc=\toks27
\pgf@sys@id@count=\count274
 (d:/LenovoSoftstore/TexLive/texlive/2024/texmf-dist/tex/generic/pgf/systemlayer/pgf.cfg
File: pgf.cfg 2023-01-15 v3.1.10 (3.1.10)
)
Driver file for pgf: pgfsys-luatex.def
 (d:/LenovoSoftstore/TexLive/texlive/2024/texmf-dist/tex/generic/pgf/systemlayer/pgfsys-luatex.def
File: pgfsys-luatex.def 2023-01-15 v3.1.10 (3.1.10)
 (d:/LenovoSoftstore/TexLive/texlive/2024/texmf-dist/tex/generic/pgf/systemlayer/pgfsys-common-pdf.def
File: pgfsys-common-pdf.def 2023-01-15 v3.1.10 (3.1.10)
))) (d:/LenovoSoftstore/TexLive/texlive/2024/texmf-dist/tex/generic/pgf/systemlayer/pgfsyssoftpath.code.tex
File: pgfsyssoftpath.code.tex 2023-01-15 v3.1.10 (3.1.10)
\pgfsyssoftpath@smallbuffer@items=\count275
\pgfsyssoftpath@bigbuffer@items=\count276
) (d:/LenovoSoftstore/TexLive/texlive/2024/texmf-dist/tex/generic/pgf/systemlayer/pgfsysprotocol.code.tex
File: pgfsysprotocol.code.tex 2023-01-15 v3.1.10 (3.1.10)
)) (d:/LenovoSoftstore/TexLive/texlive/2024/texmf-dist/tex/generic/pgf/basiclayer/pgfcore.code.tex
Package: pgfcore 2023-01-15 v3.1.10 (3.1.10)
 (d:/LenovoSoftstore/TexLive/texlive/2024/texmf-dist/tex/generic/pgf/math/pgfmath.code.tex (d:/LenovoSoftstore/TexLive/texlive/2024/texmf-dist/tex/generic/pgf/math/pgfmathutil.code.tex) (d:/LenovoSoftstore/TexLive/texlive/2024/texmf-dist/tex/generic/pgf/math/pgfmathparser.code.tex
\pgfmath@dimen=\dimen165
\pgfmath@count=\count277
\pgfmath@box=\box53
\pgfmath@toks=\toks28
\pgfmath@stack@operand=\toks29
\pgfmath@stack@operation=\toks30
) (d:/LenovoSoftstore/TexLive/texlive/2024/texmf-dist/tex/generic/pgf/math/pgfmathfunctions.code.tex) (d:/LenovoSoftstore/TexLive/texlive/2024/texmf-dist/tex/generic/pgf/math/pgfmathfunctions.basic.code.tex) (d:/LenovoSoftstore/TexLive/texlive/2024/texmf-dist/tex/generic/pgf/math/pgfmathfunctions.trigonometric.code.tex) (d:/LenovoSoftstore/TexLive/texlive/2024/texmf-dist/tex/generic/pgf/math/pgfmathfunctions.random.code.tex) (d:/LenovoSoftstore/TexLive/texlive/2024/texmf-dist/tex/generic/pgf/math/pgfmathfunctions.comparison.code.tex) (d:/LenovoSoftstore/TexLive/texlive/2024/texmf-dist/tex/generic/pgf/math/pgfmathfunctions.base.code.tex) (d:/LenovoSoftstore/TexLive/texlive/2024/texmf-dist/tex/generic/pgf/math/pgfmathfunctions.round.code.tex) (d:/LenovoSoftstore/TexLive/texlive/2024/texmf-dist/tex/generic/pgf/math/pgfmathfunctions.misc.code.tex) (d:/LenovoSoftstore/TexLive/texlive/2024/texmf-dist/tex/generic/pgf/math/pgfmathfunctions.integerarithmetics.code.tex) (d:/LenovoSoftstore/TexLive/texlive/2024/texmf-dist/tex/generic/pgf/math/pgfmathcalc.code.tex) (d:/LenovoSoftstore/TexLive/texlive/2024/texmf-dist/tex/generic/pgf/math/pgfmathfloat.code.tex
\c@pgfmathroundto@lastzeros=\count278
)) (d:/LenovoSoftstore/TexLive/texlive/2024/texmf-dist/tex/generic/pgf/math/pgfint.code.tex) (d:/LenovoSoftstore/TexLive/texlive/2024/texmf-dist/tex/generic/pgf/basiclayer/pgfcorepoints.code.tex
File: pgfcorepoints.code.tex 2023-01-15 v3.1.10 (3.1.10)
\pgf@picminx=\dimen166
\pgf@picmaxx=\dimen167
\pgf@picminy=\dimen168
\pgf@picmaxy=\dimen169
\pgf@pathminx=\dimen170
\pgf@pathmaxx=\dimen171
\pgf@pathminy=\dimen172
\pgf@pathmaxy=\dimen173
\pgf@xx=\dimen174
\pgf@xy=\dimen175
\pgf@yx=\dimen176
\pgf@yy=\dimen177
\pgf@zx=\dimen178
\pgf@zy=\dimen179
) (d:/LenovoSoftstore/TexLive/texlive/2024/texmf-dist/tex/generic/pgf/basiclayer/pgfcorepathconstruct.code.tex
File: pgfcorepathconstruct.code.tex 2023-01-15 v3.1.10 (3.1.10)
\pgf@path@lastx=\dimen180
\pgf@path@lasty=\dimen181
) (d:/LenovoSoftstore/TexLive/texlive/2024/texmf-dist/tex/generic/pgf/basiclayer/pgfcorepathusage.code.tex
File: pgfcorepathusage.code.tex 2023-01-15 v3.1.10 (3.1.10)
\pgf@shorten@end@additional=\dimen182
\pgf@shorten@start@additional=\dimen183
) (d:/LenovoSoftstore/TexLive/texlive/2024/texmf-dist/tex/generic/pgf/basiclayer/pgfcorescopes.code.tex
File: pgfcorescopes.code.tex 2023-01-15 v3.1.10 (3.1.10)
\pgfpic=\box54
\pgf@hbox=\box55
\pgf@layerbox@main=\box56
\pgf@picture@serial@count=\count279
) (d:/LenovoSoftstore/TexLive/texlive/2024/texmf-dist/tex/generic/pgf/basiclayer/pgfcoregraphicstate.code.tex
File: pgfcoregraphicstate.code.tex 2023-01-15 v3.1.10 (3.1.10)
\pgflinewidth=\dimen184
) (d:/LenovoSoftstore/TexLive/texlive/2024/texmf-dist/tex/generic/pgf/basiclayer/pgfcoretransformations.code.tex
File: pgfcoretransformations.code.tex 2023-01-15 v3.1.10 (3.1.10)
\pgf@pt@x=\dimen185
\pgf@pt@y=\dimen186
\pgf@pt@temp=\dimen187
) (d:/LenovoSoftstore/TexLive/texlive/2024/texmf-dist/tex/generic/pgf/basiclayer/pgfcorequick.code.tex
File: pgfcorequick.code.tex 2023-01-15 v3.1.10 (3.1.10)
) (d:/LenovoSoftstore/TexLive/texlive/2024/texmf-dist/tex/generic/pgf/basiclayer/pgfcoreobjects.code.tex
File: pgfcoreobjects.code.tex 2023-01-15 v3.1.10 (3.1.10)
) (d:/LenovoSoftstore/TexLive/texlive/2024/texmf-dist/tex/generic/pgf/basiclayer/pgfcorepathprocessing.code.tex
File: pgfcorepathprocessing.code.tex 2023-01-15 v3.1.10 (3.1.10)
) (d:/LenovoSoftstore/TexLive/texlive/2024/texmf-dist/tex/generic/pgf/basiclayer/pgfcorearrows.code.tex
File: pgfcorearrows.code.tex 2023-01-15 v3.1.10 (3.1.10)
\pgfarrowsep=\dimen188
) (d:/LenovoSoftstore/TexLive/texlive/2024/texmf-dist/tex/generic/pgf/basiclayer/pgfcoreshade.code.tex
File: pgfcoreshade.code.tex 2023-01-15 v3.1.10 (3.1.10)
\pgf@max=\dimen189
\pgf@sys@shading@range@num=\count280
\pgf@shadingcount=\count281
) (d:/LenovoSoftstore/TexLive/texlive/2024/texmf-dist/tex/generic/pgf/basiclayer/pgfcoreimage.code.tex
File: pgfcoreimage.code.tex 2023-01-15 v3.1.10 (3.1.10)
) (d:/LenovoSoftstore/TexLive/texlive/2024/texmf-dist/tex/generic/pgf/basiclayer/pgfcoreexternal.code.tex
File: pgfcoreexternal.code.tex 2023-01-15 v3.1.10 (3.1.10)
\pgfexternal@startupbox=\box57
) (d:/LenovoSoftstore/TexLive/texlive/2024/texmf-dist/tex/generic/pgf/basiclayer/pgfcorelayers.code.tex
File: pgfcorelayers.code.tex 2023-01-15 v3.1.10 (3.1.10)
) (d:/LenovoSoftstore/TexLive/texlive/2024/texmf-dist/tex/generic/pgf/basiclayer/pgfcoretransparency.code.tex
File: pgfcoretransparency.code.tex 2023-01-15 v3.1.10 (3.1.10)
) (d:/LenovoSoftstore/TexLive/texlive/2024/texmf-dist/tex/generic/pgf/basiclayer/pgfcorepatterns.code.tex
File: pgfcorepatterns.code.tex 2023-01-15 v3.1.10 (3.1.10)
) (d:/LenovoSoftstore/TexLive/texlive/2024/texmf-dist/tex/generic/pgf/basiclayer/pgfcorerdf.code.tex
File: pgfcorerdf.code.tex 2023-01-15 v3.1.10 (3.1.10)
))) (d:/LenovoSoftstore/TexLive/texlive/2024/texmf-dist/tex/generic/pgf/modules/pgfmoduleshapes.code.tex
File: pgfmoduleshapes.code.tex 2023-01-15 v3.1.10 (3.1.10)
\pgfnodeparttextbox=\box58
) (d:/LenovoSoftstore/TexLive/texlive/2024/texmf-dist/tex/generic/pgf/modules/pgfmoduleplot.code.tex
File: pgfmoduleplot.code.tex 2023-01-15 v3.1.10 (3.1.10)
) (d:/LenovoSoftstore/TexLive/texlive/2024/texmf-dist/tex/latex/pgf/compatibility/pgfcomp-version-0-65.sty
Package: pgfcomp-version-0-65 2023-01-15 v3.1.10 (3.1.10)
\pgf@nodesepstart=\dimen190
\pgf@nodesepend=\dimen191
) (d:/LenovoSoftstore/TexLive/texlive/2024/texmf-dist/tex/latex/pgf/compatibility/pgfcomp-version-1-18.sty
Package: pgfcomp-version-1-18 2023-01-15 v3.1.10 (3.1.10)
)) (d:/LenovoSoftstore/TexLive/texlive/2024/texmf-dist/tex/latex/pgf/utilities/pgffor.sty (d:/LenovoSoftstore/TexLive/texlive/2024/texmf-dist/tex/latex/pgf/utilities/pgfkeys.sty (d:/LenovoSoftstore/TexLive/texlive/2024/texmf-dist/tex/generic/pgf/utilities/pgfkeys.code.tex)) (d:/LenovoSoftstore/TexLive/texlive/2024/texmf-dist/tex/latex/pgf/math/pgfmath.sty (d:/LenovoSoftstore/TexLive/texlive/2024/texmf-dist/tex/generic/pgf/math/pgfmath.code.tex)) (d:/LenovoSoftstore/TexLive/texlive/2024/texmf-dist/tex/generic/pgf/utilities/pgffor.code.tex
Package: pgffor 2023-01-15 v3.1.10 (3.1.10)
\pgffor@iter=\dimen192
\pgffor@skip=\dimen193
\pgffor@stack=\toks31
\pgffor@toks=\toks32
)) (d:/LenovoSoftstore/TexLive/texlive/2024/texmf-dist/tex/generic/pgf/frontendlayer/tikz/tikz.code.tex
Package: tikz 2023-01-15 v3.1.10 (3.1.10)
 (d:/LenovoSoftstore/TexLive/texlive/2024/texmf-dist/tex/generic/pgf/libraries/pgflibraryplothandlers.code.tex
File: pgflibraryplothandlers.code.tex 2023-01-15 v3.1.10 (3.1.10)
\pgf@plot@mark@count=\count282
\pgfplotmarksize=\dimen194
)
\tikz@lastx=\dimen195
\tikz@lasty=\dimen196
\tikz@lastxsaved=\dimen197
\tikz@lastysaved=\dimen198
\tikz@lastmovetox=\dimen199
\tikz@lastmovetoy=\dimen256
\tikzleveldistance=\dimen257
\tikzsiblingdistance=\dimen258
\tikz@figbox=\box59
\tikz@figbox@bg=\box60
\tikz@tempbox=\box61
\tikz@tempbox@bg=\box62
\tikztreelevel=\count283
\tikznumberofchildren=\count284
\tikznumberofcurrentchild=\count285
\tikz@fig@count=\count286
 (d:/LenovoSoftstore/TexLive/texlive/2024/texmf-dist/tex/generic/pgf/modules/pgfmodulematrix.code.tex
File: pgfmodulematrix.code.tex 2023-01-15 v3.1.10 (3.1.10)
\pgfmatrixcurrentrow=\count287
\pgfmatrixcurrentcolumn=\count288
\pgf@matrix@numberofcolumns=\count289
)
\tikz@expandcount=\count290
 (d:/LenovoSoftstore/TexLive/texlive/2024/texmf-dist/tex/generic/pgf/frontendlayer/tikz/libraries/tikzlibrarytopaths.code.tex
File: tikzlibrarytopaths.code.tex 2023-01-15 v3.1.10 (3.1.10)
))) (d:/LenovoSoftstore/TexLive/texlive/2024/texmf-dist/tex/latex/pgfornament/pgfornament.sty (d:/LenovoSoftstore/TexLive/texlive/2024/texmf-dist/tex/latex/pgfopts/pgfopts.sty
Package: pgfopts 2014/07/10 v2.1a LaTeX package options with pgfkeys
\pgfopts@list@add@a@toks=\toks33
\pgfopts@list@add@b@toks=\toks34
)
Package: pgfornament 2020/05/26 v1.2 vector ornaments
 (d:/LenovoSoftstore/TexLive/texlive/2024/texmf-dist/tex/latex/pgfornament/pgflibraryvectorian.code.tex
2020/04/06 1.1 pgflibraryvectorian.code.tex
)) (d:/LenovoSoftstore/TexLive/texlive/2024/texmf-dist/tex/latex/eso-pic/eso-pic.sty
Package: eso-pic 2023/05/03 v3.0c eso-pic (RN)
\ESO@tempdima=\dimen259
\ESO@tempdimb=\dimen260
) (d:/LenovoSoftstore/TexLive/texlive/2024/texmf-dist/tex/latex/fontspec/fontspec.sty (d:/LenovoSoftstore/TexLive/texlive/2024/texmf-dist/tex/latex/l3packages/xparse/xparse.sty (d:/LenovoSoftstore/TexLive/texlive/2024/texmf-dist/tex/latex/l3kernel/expl3.sty
Package: expl3 2024-02-20 L3 programming layer (loader) 
 (d:/LenovoSoftstore/TexLive/texlive/2024/texmf-dist/tex/latex/l3backend/l3backend-luatex.def
File: l3backend-luatex.def 2024-02-20 L3 backend support: PDF output (LuaTeX)
\l__color_backend_stack_int=\count291
Inserting `l3color' in `luaotfload.parse_color'.
\l__pdf_internal_box=\box63
))
Package: xparse 2024-02-18 L3 Experimental document command parser
)
Package: fontspec 2024/02/13 v2.9a Font selection for XeLaTeX and LuaLaTeX
Lua module: fontspec 2024/02/13 2.9a Font selection for XeLaTeX and LuaLaTeX (d:/LenovoSoftstore/TexLive/texlive/2024/texmf-dist/tex/latex/fontspec/fontspec-luatex.sty
Package: fontspec-luatex 2024/02/13 v2.9a Font selection for XeLaTeX and LuaLaTeX
\l__fontspec_script_int=\count292
\l__fontspec_language_int=\count293
\l__fontspec_strnum_int=\count294
\l__fontspec_tmp_int=\count295
\l__fontspec_tmpa_int=\count296
\l__fontspec_tmpb_int=\count297
\l__fontspec_tmpc_int=\count298
\l__fontspec_em_int=\count299
\l__fontspec_emdef_int=\count300
\l__fontspec_strong_int=\count301
\l__fontspec_strongdef_int=\count302
\l__fontspec_tmpa_dim=\dimen261
\l__fontspec_tmpb_dim=\dimen262
\l__fontspec_tmpc_dim=\dimen263
 (d:/LenovoSoftstore/TexLive/texlive/2024/texmf-dist/tex/latex/base/fontenc.sty
Package: fontenc 2021/04/29 v2.0v Standard LaTeX package
) (d:/LenovoSoftstore/TexLive/texlive/2024/texmf-dist/tex/latex/fontspec/fontspec.cfg))) (d:/LenovoSoftstore/TexLive/texlive/2024/texmf-dist/tex/latex/lettrine/lettrine.sty
File: lettrine.sty 2024-01-20 v2.60 (Daniel Flipo)
 (d:/LenovoSoftstore/TexLive/texlive/2024/texmf-dist/tex/latex/l3packages/xfp/xfp.sty
Package: xfp 2024-02-18 L3 Floating point unit
)
\c@DefaultLines=\count303
\c@DefaultDepth=\count304
\DefaultFindent=\dimen264
\DefaultNindent=\dimen265
\DefaultSlope=\dimen266
\DiscardVskip=\dimen267
\L@lettrine=\box64
\L@lbox=\box65
\L@tbox=\box66
\c@L@lines=\count305
\c@L@depth=\count306
\L@Pindent=\dimen268
\L@Findent=\dimen269
\L@Nindent=\dimen270
\L@lraise=\dimen271
\L@first=\dimen272
\L@next=\dimen273
\L@slope=\dimen274
\L@height=\dimen275
\L@novskip=\dimen276
\L@ruleht=\dimen277
\L@target@ht=\dimen278
\L@target@dp=\dimen279
\L@target@tht=\dimen280
\LettrineWidth=\dimen281
\LettrineHeight=\dimen282
\LettrineDepth=\dimen283

Loading lettrine.cfg
(d:/LenovoSoftstore/TexLive/texlive/2024/texmf-dist/tex/latex/lettrine/lettrine.cfg)
\Llist@everypar=\toks35
) (d:/LenovoSoftstore/TexLive/texlive/2024/texmf-dist/tex/latex/lipsum/lipsum.sty (d:/LenovoSoftstore/TexLive/texlive/2024/texmf-dist/tex/latex/l3packages/l3keys2e/l3keys2e.sty
Package: l3keys2e 2024-02-18 LaTeX2e option processing using LaTeX3 keys
)
Package: lipsum 2021-09-20 v2.7 150 paragraphs of Lorem Ipsum dummy text
\g__lipsum_par_int=\count307
\l__lipsum_a_int=\count308
\l__lipsum_b_int=\count309
 (d:/LenovoSoftstore/TexLive/texlive/2024/texmf-dist/tex/latex/lipsum/lipsum.ltd.tex)) (d:/LenovoSoftstore/TexLive/texlive/2024/texmf-dist/tex/latex/titlesec/titlesec.sty
Package: titlesec 2023/10/27 v2.16 Sectioning titles
\ttl@box=\box67
\beforetitleunit=\skip54
\aftertitleunit=\skip55
\ttl@plus=\dimen284
\ttl@minus=\dimen285
\ttl@toksa=\toks36
\titlewidth=\dimen286
\titlewidthlast=\dimen287
\titlewidthfirst=\dimen288
) (d:/LenovoSoftstore/TexLive/texlive/2024/texmf-dist/tex/latex/titlesec/titletoc.sty
Package: titletoc 2023/10/27 v2.16 TOC entries
\ttl@leftsep=\dimen289
) (d:/LenovoSoftstore/TexLive/texlive/2024/texmf-dist/tex/latex/fancyhdr/fancyhdr.sty
Package: fancyhdr 2022/11/09 v4.1 Extensive control of page headers and footers
\f@nch@headwidth=\skip56
\f@nch@O@elh=\skip57
\f@nch@O@erh=\skip58
\f@nch@O@olh=\skip59
\f@nch@O@orh=\skip60
\f@nch@O@elf=\skip61
\f@nch@O@erf=\skip62
\f@nch@O@olf=\skip63
\f@nch@O@orf=\skip64
) (d:/LenovoSoftstore/TexLive/texlive/2024/texmf-dist/tex/latex/marginnote/marginnote.sty
Package: marginnote 2018/08/09 1.4b non floating margin notes for LaTeX
\c@mn@abspage=\count310
)
luaotfload | aux : font no 18 (nil) defines no feature for script latn
luaotfload | aux : font no 18 (nil) does not define feature smcp for script dflt with language dflt
luaotfload | aux : font no 18 (nil) does not define feature smcp for script dflt with language dflt
luaotfload | aux : font no 19 (nil) does not define feature smcp for script dflt with language dflt
luaotfload | aux : font no 19 (nil) does not define feature smcp for script dflt with language dflt

Package fontspec Info: Font family 'AveriaSerifLibre(0)' created for font
(fontspec)             'AveriaSerifLibre' with options [Ligatures=TeX,Path =
(fontspec)             fonts/,Extension = .ttf,UprightFont = *-Bold,BoldFont =
(fontspec)             *-Bold,ItalicFont = *-BoldItalic,BoldItalicFont =
(fontspec)             *-BoldItalic].
(fontspec)              
(fontspec)              This font family consists of the following NFSS
(fontspec)             series/shapes:
(fontspec)              
(fontspec)             - 'normal' (m/n) with NFSS spec.:
(fontspec)             <->"[fonts/AveriaSerifLibre-Bold.ttf]:mode=node;script=DFLT;language=dflt;+tlig;"
(fontspec)             - 'small caps'  (m/sc) with NFSS spec.: 
(fontspec)             - 'bold' (b/n) with NFSS spec.:
(fontspec)             <->"[fonts/AveriaSerifLibre-Bold.ttf]:mode=node;script=DFLT;language=dflt;+tlig;"
(fontspec)             - 'bold small caps'  (b/sc) with NFSS spec.: 
(fontspec)             - 'italic' (m/it) with NFSS spec.:
(fontspec)             <->"[fonts/AveriaSerifLibre-BoldItalic.ttf]:mode=node;script=DFLT;language=dflt;+tlig;"
(fontspec)             - 'italic small caps'  (m/scit) with NFSS spec.: 
(fontspec)             - 'bold italic' (b/it) with NFSS spec.:
(fontspec)             <->"[fonts/AveriaSerifLibre-BoldItalic.ttf]:mode=node;script=DFLT;language=dflt;+tlig;"
(fontspec)             - 'bold italic small caps'  (b/scit) with NFSS spec.: 

luaotfload | aux : font no 23 (nil) does not define feature smcp for script latn with language dflt
luaotfload | aux : font no 23 (nil) does not define feature smcp for script latn with language dflt
luaotfload | aux : font no 24 (nil) does not define feature smcp for script latn with language dflt

Package fontspec Info: Font family 'Almendra(0)' created for font 'Almendra'
(fontspec)             with options [Ligatures=TeX,Path = fonts/,Extension =
(fontspec)             .ttf,UprightFont = *-Bold,BoldFont = *-Bold,ItalicFont
(fontspec)             = *-BoldItalic].
(fontspec)              
(fontspec)              This font family consists of the following NFSS
(fontspec)             series/shapes:
(fontspec)              
(fontspec)             - 'normal' (m/n) with NFSS spec.:
(fontspec)             <->"[fonts/Almendra-Bold.ttf]:mode=node;script=latn;language=dflt;+tlig;"
(fontspec)             - 'small caps'  (m/sc) with NFSS spec.: 
(fontspec)             - 'bold' (b/n) with NFSS spec.:
(fontspec)             <->"[fonts/Almendra-Bold.ttf]:mode=node;script=latn;language=dflt;+tlig;"
(fontspec)             - 'bold small caps'  (b/sc) with NFSS spec.: 
(fontspec)             - 'italic' (m/it) with NFSS spec.:
(fontspec)             <->"[fonts/Almendra-BoldItalic.ttf]:mode=node;script=latn;language=dflt;+tlig;"
(fontspec)             - 'italic small caps'  (m/scit) with NFSS spec.: 

luaotfload | aux : font no 27 (nil) does not define feature smcp for script latn with language dflt

Package fontspec Info: Font family 'SpecialElite-Regular(0)' created for font
(fontspec)             'SpecialElite-Regular' with options
(fontspec)             [WordSpace={1,0,0},HyphenChar=None,PunctuationSpace=WordSpace,Path
(fontspec)             = fonts/,Extension = .ttf].
(fontspec)              
(fontspec)              This font family consists of the following NFSS
(fontspec)             series/shapes:
(fontspec)              
(fontspec)             - 'normal' (m/n) with NFSS spec.:
(fontspec)             <->"[fonts/SpecialElite-Regular.ttf]:mode=node;script=latn;language=dflt;"
(fontspec)             - 'small caps'  (m/sc) with NFSS spec.: 
(fontspec)             and font adjustment code:
(fontspec)             \fontdimen 2\font =1\fontdimen 2\font \fontdimen 3\font
(fontspec)             =0\fontdimen 3\font \fontdimen 4\font =0\fontdimen
(fontspec)             4\font \fontdimen 7\font =0\fontdimen 2\font
(fontspec)             \tex_hyphenchar:D \font =-1\scan_stop: 

luaotfload | aux : font no 30 (nil) does not define feature smcp for script latn with language dflt
luaotfload | aux : font no 31 (nil) does not define feature smcp for script latn with language dflt

Package fontspec Info: Font family 'GrenzeGotisch(0)' created for font
(fontspec)             'GrenzeGotisch' with options [Path = fonts/,Extension =
(fontspec)             .ttf,UprightFont = *-Bold,BoldFont = *-Black].
(fontspec)              
(fontspec)              This font family consists of the following NFSS
(fontspec)             series/shapes:
(fontspec)              
(fontspec)             - 'normal' (m/n) with NFSS spec.:
(fontspec)             <->"[fonts/GrenzeGotisch-Bold.ttf]:mode=node;script=latn;language=dflt;"
(fontspec)             - 'small caps'  (m/sc) with NFSS spec.: 
(fontspec)             - 'bold' (b/n) with NFSS spec.:
(fontspec)             <->"[fonts/GrenzeGotisch-Black.ttf]:mode=node;script=latn;language=dflt;"
(fontspec)             - 'bold small caps'  (b/sc) with NFSS spec.: 

\c@ttlp@side=\count311
\ttlp@side=\count312
)

LaTeX Warning: Unused global option(s):
    [14pt].

(./main.aux)
\openout1 = main.aux

LaTeX Font Info:    Checking defaults for OML/cmm/m/it on input line 9.
LaTeX Font Info:    ... okay on input line 9.
LaTeX Font Info:    Checking defaults for OMS/cmsy/m/n on input line 9.
LaTeX Font Info:    ... okay on input line 9.
LaTeX Font Info:    Checking defaults for OT1/cmr/m/n on input line 9.
LaTeX Font Info:    ... okay on input line 9.
LaTeX Font Info:    Checking defaults for T1/cmr/m/n on input line 9.
LaTeX Font Info:    ... okay on input line 9.
LaTeX Font Info:    Checking defaults for TS1/cmr/m/n on input line 9.
LaTeX Font Info:    Trying to load font information for TS1+cmr on input line 9.
 (d:/LenovoSoftstore/TexLive/texlive/2024/texmf-dist/tex/latex/base/ts1cmr.fd
File: ts1cmr.fd 2023/04/13 v2.5m Standard LaTeX font definitions
)
LaTeX Font Info:    ... okay on input line 9.
LaTeX Font Info:    Checking defaults for TU/lmr/m/n on input line 9.
LaTeX Font Info:    ... okay on input line 9.
LaTeX Font Info:    Checking defaults for OMX/cmex/m/n on input line 9.
LaTeX Font Info:    ... okay on input line 9.
LaTeX Font Info:    Checking defaults for U/cmr/m/n on input line 9.
LaTeX Font Info:    ... okay on input line 9.

*geometry* driver: auto-detecting
*geometry* detected driver: luatex
*geometry* verbose mode - [ preamble ] result:
* driver: luatex
* paper: a4paper
* layout: <same size as paper>
* layoutoffset:(h,v)=(0.0pt,0.0pt)
* modes: twoside 
* h-part:(L,W,R)=(71.13188pt, 384.11221pt, 142.26378pt)
* v-part:(T,H,B)=(85.35826pt, 660.10394pt, 99.58464pt)
* \paperwidth=597.50787pt
* \paperheight=845.04684pt
* \textwidth=384.11221pt
* \textheight=660.10394pt
* \oddsidemargin=-1.1381pt
* \evensidemargin=69.99379pt
* \topmargin=-24.97922pt
* \headheight=20.0pt
* \headsep=18.06749pt
* \topskip=10.0pt
* \footskip=25.29494pt
* \marginparwidth=113.81102pt
* \marginparsep=17.07182pt
* \columnsep=10.0pt
* \skip\footins=9.0pt plus 4.0pt minus 2.0pt
* \hoffset=0.0pt
* \voffset=0.0pt
* \mag=1000
* \@twocolumnfalse
* \@twosidetrue
* \@mparswitchtrue
* \@reversemarginfalse
* (1in=72.27pt=25.4mm, 1cm=28.453pt)

(d:/LenovoSoftstore/TexLive/texlive/2024/texmf-dist/tex/context/base/mkii/supp-pdf.mkii
[Loading MPS to PDF converter (version 2006.09.02).]
\scratchcounter=\count313
\scratchdimen=\dimen290
\scratchbox=\box68
\nofMPsegments=\count314
\nofMParguments=\count315
\everyMPshowfont=\toks37
\MPscratchCnt=\count316
\MPscratchDim=\dimen291
\MPnumerator=\count317
\makeMPintoPDFobject=\count318
\everyMPtoPDFconversion=\toks38
) (d:/LenovoSoftstore/TexLive/texlive/2024/texmf-dist/tex/latex/epstopdf-pkg/epstopdf-base.sty
Package: epstopdf-base 2020-01-24 v2.11 Base part for package epstopdf
Package epstopdf-base Info: Redefining graphics rule for `.eps' on input line 485.
 (d:/LenovoSoftstore/TexLive/texlive/2024/texmf-dist/tex/latex/latexconfig/epstopdf-sys.cfg
File: epstopdf-sys.cfg 2010/07/13 v1.3 Configuration of (r)epstopdf for TeX Live
))
LaTeX Info: Redefining \microtypecontext on input line 9.
Package microtype Info: Applying patch `item' on input line 9.
Package microtype Info: Applying patch `toc' on input line 9.
Package microtype Info: Applying patch `eqnum' on input line 9.
Package microtype Info: Applying patch `footnote' on input line 9.
Package microtype Info: Applying patch `verbatim' on input line 9.
Package microtype Info: Generating PDF output.
Package microtype Info: Character protrusion enabled (level 2).
Package microtype Info: Using default protrusion set `alltext'.
Package microtype Info: Automatic font expansion enabled (level 2),
(microtype)             stretch: 20, shrink: 20, step: 1, non-selected.
Package microtype Info: Using default expansion set `alltext-nott'.
LaTeX Info: Redefining \showhyphens on input line 9.
Package microtype Info: No adjustment of tracking.
Package microtype Info: No adjustment of spacing.
Package microtype Info: No adjustment of kerning.
Package microtype Info: Loading generic protrusion settings for font family
(microtype)             `AveriaSerifLibre' (encoding: TU).
(microtype)             For optimal results, create family-specific settings.
(microtype)             See the microtype manual for details.


Package microtype Warning: Unknown slot number of character
(microtype)                `\k A'
(microtype)                in font encoding `TU' in inheritance list
(microtype)                `microtype.cfg/411(protrusion)'.


Package microtype Warning: Unknown slot number of character
(microtype)                `\u A'
(microtype)                in font encoding `TU' in inheritance list
(microtype)                `microtype.cfg/411(protrusion)'.


Package microtype Warning: Unknown slot number of character
(microtype)                `\k a'
(microtype)                in font encoding `TU' in inheritance list
(microtype)                `microtype.cfg/411(protrusion)'.


Package microtype Warning: Unknown slot number of character
(microtype)                `\u a'
(microtype)                in font encoding `TU' in inheritance list
(microtype)                `microtype.cfg/411(protrusion)'.


Package microtype Warning: Unknown slot number of character
(microtype)                `\'C'
(microtype)                in font encoding `TU' in inheritance list
(microtype)                `microtype.cfg/411(protrusion)'.


Package microtype Warning: Unknown slot number of character
(microtype)                `\v C'
(microtype)                in font encoding `TU' in inheritance list
(microtype)                `microtype.cfg/411(protrusion)'.


Package microtype Warning: Unknown slot number of character
(microtype)                `\'c'
(microtype)                in font encoding `TU' in inheritance list
(microtype)                `microtype.cfg/411(protrusion)'.


Package microtype Warning: Unknown slot number of character
(microtype)                `\v c'
(microtype)                in font encoding `TU' in inheritance list
(microtype)                `microtype.cfg/411(protrusion)'.


Package microtype Warning: Unknown slot number of character
(microtype)                `\v D'
(microtype)                in font encoding `TU' in inheritance list
(microtype)                `microtype.cfg/411(protrusion)'.


Package microtype Warning: Unknown slot number of character
(microtype)                `\v d'
(microtype)                in font encoding `TU' in inheritance list
(microtype)                `microtype.cfg/411(protrusion)'.


Package microtype Warning: Unknown slot number of character
(microtype)                `\k E'
(microtype)                in font encoding `TU' in inheritance list
(microtype)                `microtype.cfg/411(protrusion)'.


Package microtype Warning: Unknown slot number of character
(microtype)                `\v E'
(microtype)                in font encoding `TU' in inheritance list
(microtype)                `microtype.cfg/411(protrusion)'.


Package microtype Warning: Unknown slot number of character
(microtype)                `\k e'
(microtype)                in font encoding `TU' in inheritance list
(microtype)                `microtype.cfg/411(protrusion)'.


Package microtype Warning: Unknown slot number of character
(microtype)                `\v e'
(microtype)                in font encoding `TU' in inheritance list
(microtype)                `microtype.cfg/411(protrusion)'.


Package microtype Warning: Unknown slot number of character
(microtype)                `\u G'
(microtype)                in font encoding `TU' in inheritance list
(microtype)                `microtype.cfg/411(protrusion)'.


Package microtype Warning: Unknown slot number of character
(microtype)                `\u g'
(microtype)                in font encoding `TU' in inheritance list
(microtype)                `microtype.cfg/411(protrusion)'.


Package microtype Warning: Unknown slot number of character
(microtype)                `\.I'
(microtype)                in font encoding `TU' in inheritance list
(microtype)                `microtype.cfg/411(protrusion)'.


Package microtype Warning: Unknown slot number of character
(microtype)                `\'L'
(microtype)                in font encoding `TU' in inheritance list
(microtype)                `microtype.cfg/411(protrusion)'.


Package microtype Warning: Unknown slot number of character
(microtype)                `\v L'
(microtype)                in font encoding `TU' in inheritance list
(microtype)                `microtype.cfg/411(protrusion)'.


Package microtype Warning: Unknown slot number of character
(microtype)                `\'l'
(microtype)                in font encoding `TU' in inheritance list
(microtype)                `microtype.cfg/411(protrusion)'.


Package microtype Warning: Unknown slot number of character
(microtype)                `\v l'
(microtype)                in font encoding `TU' in inheritance list
(microtype)                `microtype.cfg/411(protrusion)'.


Package microtype Warning: Unknown slot number of character
(microtype)                `\v N'
(microtype)                in font encoding `TU' in inheritance list
(microtype)                `microtype.cfg/411(protrusion)'.


Package microtype Warning: Unknown slot number of character
(microtype)                `\v n'
(microtype)                in font encoding `TU' in inheritance list
(microtype)                `microtype.cfg/411(protrusion)'.


Package microtype Warning: Unknown slot number of character
(microtype)                `\H O'
(microtype)                in font encoding `TU' in inheritance list
(microtype)                `microtype.cfg/411(protrusion)'.


Package microtype Warning: Unknown slot number of character
(microtype)                `\H o'
(microtype)                in font encoding `TU' in inheritance list
(microtype)                `microtype.cfg/411(protrusion)'.


Package microtype Warning: Unknown slot number of character
(microtype)                `\'R'
(microtype)                in font encoding `TU' in inheritance list
(microtype)                `microtype.cfg/411(protrusion)'.


Package microtype Warning: Unknown slot number of character
(microtype)                `\v R'
(microtype)                in font encoding `TU' in inheritance list
(microtype)                `microtype.cfg/411(protrusion)'.


Package microtype Warning: Unknown slot number of character
(microtype)                `\'r'
(microtype)                in font encoding `TU' in inheritance list
(microtype)                `microtype.cfg/411(protrusion)'.


Package microtype Warning: Unknown slot number of character
(microtype)                `\v r'
(microtype)                in font encoding `TU' in inheritance list
(microtype)                `microtype.cfg/411(protrusion)'.


Package microtype Warning: Unknown slot number of character
(microtype)                `\'S'
(microtype)                in font encoding `TU' in inheritance list
(microtype)                `microtype.cfg/411(protrusion)'.


Package microtype Warning: Unknown slot number of character
(microtype)                `\c S'
(microtype)                in font encoding `TU' in inheritance list
(microtype)                `microtype.cfg/411(protrusion)'.


Package microtype Warning: Unknown slot number of character
(microtype)                `\'s'
(microtype)                in font encoding `TU' in inheritance list
(microtype)                `microtype.cfg/411(protrusion)'.


Package microtype Warning: Unknown slot number of character
(microtype)                `\c s'
(microtype)                in font encoding `TU' in inheritance list
(microtype)                `microtype.cfg/411(protrusion)'.


Package microtype Warning: Unknown slot number of character
(microtype)                `\c T'
(microtype)                in font encoding `TU' in inheritance list
(microtype)                `microtype.cfg/411(protrusion)'.


Package microtype Warning: Unknown slot number of character
(microtype)                `\v T'
(microtype)                in font encoding `TU' in inheritance list
(microtype)                `microtype.cfg/411(protrusion)'.


Package microtype Warning: Unknown slot number of character
(microtype)                `\c t'
(microtype)                in font encoding `TU' in inheritance list
(microtype)                `microtype.cfg/411(protrusion)'.


Package microtype Warning: Unknown slot number of character
(microtype)                `\v t'
(microtype)                in font encoding `TU' in inheritance list
(microtype)                `microtype.cfg/411(protrusion)'.


Package microtype Warning: Unknown slot number of character
(microtype)                `\H U'
(microtype)                in font encoding `TU' in inheritance list
(microtype)                `microtype.cfg/411(protrusion)'.


Package microtype Warning: Unknown slot number of character
(microtype)                `\r U'
(microtype)                in font encoding `TU' in inheritance list
(microtype)                `microtype.cfg/411(protrusion)'.


Package microtype Warning: Unknown slot number of character
(microtype)                `\H u'
(microtype)                in font encoding `TU' in inheritance list
(microtype)                `microtype.cfg/411(protrusion)'.


Package microtype Warning: Unknown slot number of character
(microtype)                `\r u'
(microtype)                in font encoding `TU' in inheritance list
(microtype)                `microtype.cfg/411(protrusion)'.


Package microtype Warning: Unknown slot number of character
(microtype)                `\'Z'
(microtype)                in font encoding `TU' in inheritance list
(microtype)                `microtype.cfg/411(protrusion)'.


Package microtype Warning: Unknown slot number of character
(microtype)                `\.Z'
(microtype)                in font encoding `TU' in inheritance list
(microtype)                `microtype.cfg/411(protrusion)'.


Package microtype Warning: Unknown slot number of character
(microtype)                `\'z'
(microtype)                in font encoding `TU' in inheritance list
(microtype)                `microtype.cfg/411(protrusion)'.


Package microtype Warning: Unknown slot number of character
(microtype)                `\.z'
(microtype)                in font encoding `TU' in inheritance list
(microtype)                `microtype.cfg/411(protrusion)'.


Package fontspec Info: Adjusting the maths setup (use [no-math] to avoid
(fontspec)             this).

\symlegacymaths=\mathgroup4
LaTeX Font Info:    Overwriting symbol font `legacymaths' in version `bold'
(Font)                  OT1/cmr/m/n --> OT1/cmr/bx/n on input line 9.
LaTeX Font Info:    Redeclaring math accent \acute on input line 9.
LaTeX Font Info:    Redeclaring math accent \grave on input line 9.
LaTeX Font Info:    Redeclaring math accent \ddot on input line 9.
LaTeX Font Info:    Redeclaring math accent \tilde on input line 9.
LaTeX Font Info:    Redeclaring math accent \bar on input line 9.
LaTeX Font Info:    Redeclaring math accent \breve on input line 9.
LaTeX Font Info:    Redeclaring math accent \check on input line 9.
LaTeX Font Info:    Redeclaring math accent \hat on input line 9.
LaTeX Font Info:    Redeclaring math accent \dot on input line 9.
LaTeX Font Info:    Redeclaring math accent \mathring on input line 9.
LaTeX Font Info:    Redeclaring math symbol \colon on input line 9.
LaTeX Font Info:    Redeclaring math symbol \Gamma on input line 9.
LaTeX Font Info:    Redeclaring math symbol \Delta on input line 9.
LaTeX Font Info:    Redeclaring math symbol \Theta on input line 9.
LaTeX Font Info:    Redeclaring math symbol \Lambda on input line 9.
LaTeX Font Info:    Redeclaring math symbol \Xi on input line 9.
LaTeX Font Info:    Redeclaring math symbol \Pi on input line 9.
LaTeX Font Info:    Redeclaring math symbol \Sigma on input line 9.
LaTeX Font Info:    Redeclaring math symbol \Upsilon on input line 9.
LaTeX Font Info:    Redeclaring math symbol \Phi on input line 9.
LaTeX Font Info:    Redeclaring math symbol \Psi on input line 9.
LaTeX Font Info:    Redeclaring math symbol \Omega on input line 9.
LaTeX Font Info:    Redeclaring math symbol \mathdollar on input line 9.
LaTeX Font Info:    Redeclaring symbol font `operators' on input line 9.
LaTeX Font Info:    Encoding `OT1' has changed to `TU' for symbol font
(Font)              `operators' in the math version `normal' on input line 9.
LaTeX Font Info:    Overwriting symbol font `operators' in version `normal'
(Font)                  OT1/cmr/m/n --> TU/AveriaSerifLibre(0)/m/n on input line 9.
LaTeX Font Info:    Encoding `OT1' has changed to `TU' for symbol font
(Font)              `operators' in the math version `bold' on input line 9.
LaTeX Font Info:    Overwriting symbol font `operators' in version `bold'
(Font)                  OT1/cmr/bx/n --> TU/AveriaSerifLibre(0)/m/n on input line 9.
LaTeX Font Info:    Overwriting symbol font `operators' in version `normal'
(Font)                  TU/AveriaSerifLibre(0)/m/n --> TU/AveriaSerifLibre(0)/m/n on input line 9.
LaTeX Font Info:    Overwriting math alphabet `\mathit' in version `normal'
(Font)                  OT1/cmr/m/it --> TU/AveriaSerifLibre(0)/m/it on input line 9.
LaTeX Font Info:    Overwriting math alphabet `\mathbf' in version `normal'
(Font)                  OT1/cmr/bx/n --> TU/AveriaSerifLibre(0)/b/n on input line 9.
LaTeX Font Info:    Overwriting math alphabet `\mathsf' in version `normal'
(Font)                  OT1/cmss/m/n --> TU/Almendra(0)/m/n on input line 9.
LaTeX Font Info:    Overwriting math alphabet `\mathtt' in version `normal'
(Font)                  OT1/cmtt/m/n --> TU/SpecialElite-Regular(0)/m/n on input line 9.
LaTeX Font Info:    Overwriting symbol font `operators' in version `bold'
(Font)                  TU/AveriaSerifLibre(0)/m/n --> TU/AveriaSerifLibre(0)/b/n on input line 9.
LaTeX Font Info:    Overwriting math alphabet `\mathit' in version `bold'
(Font)                  OT1/cmr/bx/it --> TU/AveriaSerifLibre(0)/b/it on input line 9.
LaTeX Font Info:    Overwriting math alphabet `\mathsf' in version `bold'
(Font)                  OT1/cmss/bx/n --> TU/Almendra(0)/b/n on input line 9.
LaTeX Font Info:    Overwriting math alphabet `\mathtt' in version `bold'
(Font)                  OT1/cmtt/m/n --> TU/SpecialElite-Regular(0)/b/n on input line 9.
(./contents/titlepage.tex
*geometry* verbose mode - [ newgeometry ] result:
* driver: luatex
* paper: a4paper
* layout: <same size as paper>
* layoutoffset:(h,v)=(0.0pt,0.0pt)
* modes: twoside 
* h-part:(L,W,R)=(72.2698pt, 452.96826pt, 72.2698pt)
* v-part:(T,H,B)=(72.2698pt, 700.50723pt, 72.2698pt)
* \paperwidth=597.50787pt
* \paperheight=845.04684pt
* \textwidth=452.96826pt
* \textheight=700.50723pt
* \oddsidemargin=-0.00018pt
* \evensidemargin=-0.00018pt
* \topmargin=-38.06767pt
* \headheight=20.0pt
* \headsep=18.06749pt
* \topskip=10.0pt
* \footskip=25.29494pt
* \marginparwidth=113.81102pt
* \marginparsep=17.07182pt
* \columnsep=10.0pt
* \skip\footins=9.0pt plus 4.0pt minus 2.0pt
* \hoffset=0.0pt
* \voffset=0.0pt
* \mag=1000
* \@twocolumnfalse
* \@twosidetrue
* \@mparswitchtrue
* \@reversemarginfalse
* (1in=72.27pt=25.4mm, 1cm=28.453pt)

 (d:/LenovoSoftstore/TexLive/texlive/2024/texmf-dist/tex/generic/pgfornament/vectorian/vectorian89.pgf)
Package microtype Info: Loading generic protrusion settings for font family
(microtype)             `GrenzeGotisch' (encoding: TU).
(microtype)             For optimal results, create family-specific settings.
(microtype)             See the microtype manual for details.
Package microtype Info: Loading generic protrusion settings for font family
(microtype)             `Almendra' (encoding: TU).
(microtype)             For optimal results, create family-specific settings.
(microtype)             See the microtype manual for details.
 (d:/LenovoSoftstore/TexLive/texlive/2024/texmf-dist/tex/generic/pgfornament/vectorian/vectorian70.pgf)

LaTeX Font Warning: Font shape `TU/AveriaSerifLibre(0)/m/sc' undefined
(Font)              using `TU/AveriaSerifLibre(0)/m/n' instead on input line 27.

(d:/LenovoSoftstore/TexLive/texlive/2024/texmf-dist/tex/generic/pgfornament/vectorian/vectorian89.pgf)
<cover/paper_texture.png, id=4, 1830.84pt x 2601.72pt>
File: cover/paper_texture.png Graphic file (type png)
<use cover/paper_texture.png>
Package luatex.def Info: cover/paper_texture.png  used on input line 33.
(luatex.def)             Requested size: 597.50229pt x 845.03291pt.
 [1



{d:/LenovoSoftstore/TexLive/texlive/2024/texmf-var/fonts/map/pdftex/updmap/pdftex.map}<./cover/paper_texture.png>]) (./contents/copyright.tex (d:/LenovoSoftstore/TexLive/texlive/2024/texmf-dist/tex/generic/pgfornament/vectorian/vectorian71.pgf)
Package microtype Info: Loading generic protrusion settings for font family
(microtype)             `SpecialElite-Regular' (encoding: TU).
(microtype)             For optimal results, create family-specific settings.
(microtype)             See the microtype manual for details.
LaTeX Font Info:    External font `cmex10' loaded for size
(Font)              <7> on input line 44.
LaTeX Font Info:    External font `cmex10' loaded for size
(Font)              <5> on input line 44.
 (d:/LenovoSoftstore/TexLive/texlive/2024/texmf-dist/tex/latex/microtype/mt-cmr.cfg
File: mt-cmr.cfg 2013/05/19 v2.2 microtype config. file: Computer Modern Roman (RS)
) (d:/LenovoSoftstore/TexLive/texlive/2024/texmf-dist/tex/generic/pgfornament/vectorian/vectorian71.pgf)
File: cover/paper_texture.png Graphic file (type png)
<use cover/paper_texture.png>
Package luatex.def Info: cover/paper_texture.png  used on input line 82.
(luatex.def)             Requested size: 597.50229pt x 845.03291pt.
 [2

]) (./contents/proem.tex (d:/LenovoSoftstore/TexLive/texlive/2024/texmf-dist/tex/generic/pgfornament/vectorian/vectorian70.pgf) (d:/LenovoSoftstore/TexLive/texlive/2024/texmf-dist/tex/generic/pgfornament/vectorian/vectorian70.pgf) (d:/LenovoSoftstore/TexLive/texlive/2024/texmf-dist/tex/generic/pgfornament/vectorian/vectorian70.pgf) (d:/LenovoSoftstore/TexLive/texlive/2024/texmf-dist/tex/generic/pgfornament/vectorian/vectorian70.pgf) (d:/LenovoSoftstore/TexLive/texlive/2024/texmf-dist/tex/generic/pgfornament/vectorian/vectorian70.pgf) (d:/LenovoSoftstore/TexLive/texlive/2024/texmf-dist/tex/generic/pgfornament/vectorian/vectorian70.pgf) (d:/LenovoSoftstore/TexLive/texlive/2024/texmf-dist/tex/generic/pgfornament/vectorian/vectorian70.pgf) (d:/LenovoSoftstore/TexLive/texlive/2024/texmf-dist/tex/generic/pgfornament/vectorian/vectorian70.pgf) (d:/LenovoSoftstore/TexLive/texlive/2024/texmf-dist/tex/generic/pgfornament/vectorian/vectorian70.pgf) (d:/LenovoSoftstore/TexLive/texlive/2024/texmf-dist/tex/generic/pgfornament/vectorian/vectorian70.pgf) (d:/LenovoSoftstore/TexLive/texlive/2024/texmf-dist/tex/generic/pgfornament/vectorian/vectorian70.pgf) (d:/LenovoSoftstore/TexLive/texlive/2024/texmf-dist/tex/generic/pgfornament/vectorian/vectorian70.pgf) (d:/LenovoSoftstore/TexLive/texlive/2024/texmf-dist/tex/generic/pgfornament/vectorian/vectorian70.pgf) (d:/LenovoSoftstore/TexLive/texlive/2024/texmf-dist/tex/generic/pgfornament/vectorian/vectorian70.pgf) (d:/LenovoSoftstore/TexLive/texlive/2024/texmf-dist/tex/generic/pgfornament/vectorian/vectorian70.pgf) (d:/LenovoSoftstore/TexLive/texlive/2024/texmf-dist/tex/generic/pgfornament/vectorian/vectorian70.pgf) (d:/LenovoSoftstore/TexLive/texlive/2024/texmf-dist/tex/generic/pgfornament/vectorian/vectorian70.pgf) (d:/LenovoSoftstore/TexLive/texlive/2024/texmf-dist/tex/generic/pgfornament/vectorian/vectorian70.pgf) (d:/LenovoSoftstore/TexLive/texlive/2024/texmf-dist/tex/generic/pgfornament/vectorian/vectorian70.pgf) (d:/LenovoSoftstore/TexLive/texlive/2024/texmf-dist/tex/generic/pgfornament/vectorian/vectorian70.pgf)
Package lettrine.sty Info: Targeted height = 22.73145pt
(lettrine.sty)             (for loversize=0, accent excluded),
(lettrine.sty)             Lettrine height = 22.76418pt (I);
(lettrine.sty)             reported on input line 11.
)
File: cover/paper_texture.png Graphic file (type png)
<use cover/paper_texture.png>
Package luatex.def Info: cover/paper_texture.png  used on input line 22.
(luatex.def)             Requested size: 597.50229pt x 845.03291pt.
 [1



] (d:/LenovoSoftstore/TexLive/texlive/2024/texmf-dist/tex/generic/pgfornament/vectorian/vectorian70.pgf) (d:/LenovoSoftstore/TexLive/texlive/2024/texmf-dist/tex/generic/pgfornament/vectorian/vectorian70.pgf) (d:/LenovoSoftstore/TexLive/texlive/2024/texmf-dist/tex/generic/pgfornament/vectorian/vectorian70.pgf) (d:/LenovoSoftstore/TexLive/texlive/2024/texmf-dist/tex/generic/pgfornament/vectorian/vectorian70.pgf) (d:/LenovoSoftstore/TexLive/texlive/2024/texmf-dist/tex/generic/pgfornament/vectorian/vectorian70.pgf) (d:/LenovoSoftstore/TexLive/texlive/2024/texmf-dist/tex/generic/pgfornament/vectorian/vectorian70.pgf) (d:/LenovoSoftstore/TexLive/texlive/2024/texmf-dist/tex/generic/pgfornament/vectorian/vectorian70.pgf) (d:/LenovoSoftstore/TexLive/texlive/2024/texmf-dist/tex/generic/pgfornament/vectorian/vectorian70.pgf) (d:/LenovoSoftstore/TexLive/texlive/2024/texmf-dist/tex/generic/pgfornament/vectorian/vectorian70.pgf) (d:/LenovoSoftstore/TexLive/texlive/2024/texmf-dist/tex/generic/pgfornament/vectorian/vectorian70.pgf) (d:/LenovoSoftstore/TexLive/texlive/2024/texmf-dist/tex/generic/pgfornament/vectorian/vectorian70.pgf) (d:/LenovoSoftstore/TexLive/texlive/2024/texmf-dist/tex/generic/pgfornament/vectorian/vectorian70.pgf) (d:/LenovoSoftstore/TexLive/texlive/2024/texmf-dist/tex/generic/pgfornament/vectorian/vectorian70.pgf) (d:/LenovoSoftstore/TexLive/texlive/2024/texmf-dist/tex/generic/pgfornament/vectorian/vectorian70.pgf) (d:/LenovoSoftstore/TexLive/texlive/2024/texmf-dist/tex/generic/pgfornament/vectorian/vectorian70.pgf) (d:/LenovoSoftstore/TexLive/texlive/2024/texmf-dist/tex/generic/pgfornament/vectorian/vectorian70.pgf) (d:/LenovoSoftstore/TexLive/texlive/2024/texmf-dist/tex/generic/pgfornament/vectorian/vectorian70.pgf) (d:/LenovoSoftstore/TexLive/texlive/2024/texmf-dist/tex/generic/pgfornament/vectorian/vectorian70.pgf) (d:/LenovoSoftstore/TexLive/texlive/2024/texmf-dist/tex/generic/pgfornament/vectorian/vectorian70.pgf) (d:/LenovoSoftstore/TexLive/texlive/2024/texmf-dist/tex/generic/pgfornament/vectorian/vectorian70.pgf) (./main.toc)
\tf@toc=\write4

\openout4 = main.toc
File: cover/paper_texture.png Graphic file (type png)
<use cover/paper_texture.png>
Package luatex.def Info: cover/paper_texture.png  used on input line 22.
(luatex.def)             Requested size: 597.50229pt x 845.03291pt.
 [2


] (./contents/ch1.tex
File: cover/paper_texture.png Graphic file (type png)
<use cover/paper_texture.png>
Package luatex.def Info: cover/paper_texture.png  used on input line 2.
(luatex.def)             Requested size: 597.50229pt x 845.03291pt.
 [1



]
Chapter 1.
(d:/LenovoSoftstore/TexLive/texlive/2024/texmf-dist/tex/generic/pgfornament/vectorian/vectorian88.pgf) (d:/LenovoSoftstore/TexLive/texlive/2024/texmf-dist/tex/generic/pgfornament/vectorian/vectorian89.pgf) (d:/LenovoSoftstore/TexLive/texlive/2024/texmf-dist/tex/generic/pgfornament/vectorian/vectorian11.pgf) (d:/LenovoSoftstore/TexLive/texlive/2024/texmf-dist/tex/generic/pgfornament/vectorian/vectorian11.pgf) (d:/LenovoSoftstore/TexLive/texlive/2024/texmf-dist/tex/generic/pgfornament/vectorian/vectorian63.pgf) (d:/LenovoSoftstore/TexLive/texlive/2024/texmf-dist/tex/generic/pgfornament/vectorian/vectorian63.pgf) (d:/LenovoSoftstore/TexLive/texlive/2024/texmf-dist/tex/generic/pgfornament/vectorian/vectorian63.pgf) (d:/LenovoSoftstore/TexLive/texlive/2024/texmf-dist/tex/generic/pgfornament/vectorian/vectorian63.pgf)
Package lettrine.sty Info: Targeted height = 22.73145pt
(lettrine.sty)             (for loversize=0, accent excluded),
(lettrine.sty)             Lettrine height = 22.66628pt (L);
(lettrine.sty)             reported on input line 26.
File: cover/paper_texture.png Graphic file (type png)
<use cover/paper_texture.png>
Package luatex.def Info: cover/paper_texture.png  used on input line 30.
(luatex.def)             Requested size: 597.50229pt x 845.03291pt.
 [2

] (d:/LenovoSoftstore/TexLive/texlive/2024/texmf-dist/tex/generic/pgfornament/vectorian/vectorian9.pgf) (d:/LenovoSoftstore/TexLive/texlive/2024/texmf-dist/tex/generic/pgfornament/vectorian/vectorian9.pgf) (d:/LenovoSoftstore/TexLive/texlive/2024/texmf-dist/tex/generic/pgfornament/vectorian/vectorian9.pgf) (d:/LenovoSoftstore/TexLive/texlive/2024/texmf-dist/tex/generic/pgfornament/vectorian/vectorian9.pgf) (d:/LenovoSoftstore/TexLive/texlive/2024/texmf-dist/tex/generic/pgfornament/vectorian/vectorian9.pgf) (d:/LenovoSoftstore/TexLive/texlive/2024/texmf-dist/tex/generic/pgfornament/vectorian/vectorian9.pgf) (d:/LenovoSoftstore/TexLive/texlive/2024/texmf-dist/tex/generic/pgfornament/vectorian/vectorian9.pgf) (d:/LenovoSoftstore/TexLive/texlive/2024/texmf-dist/tex/generic/pgfornament/vectorian/vectorian9.pgf)) (./contents/ch2.tex (d:/LenovoSoftstore/TexLive/texlive/2024/texmf-dist/tex/generic/pgfornament/vectorian/vectorian11.pgf) (d:/LenovoSoftstore/TexLive/texlive/2024/texmf-dist/tex/generic/pgfornament/vectorian/vectorian11.pgf)

Package fancyhdr Warning: \headheight is too small (20.0pt): 
(fancyhdr)                Make it at least 32.32388pt, for example:
(fancyhdr)                \setlength{\headheight}{32.32388pt}.
(fancyhdr)                You might also make \topmargin smaller to compensate:
(fancyhdr)                \addtolength{\topmargin}{-12.32388pt}.

File: cover/paper_texture.png Graphic file (type png)
<use cover/paper_texture.png>
Package luatex.def Info: cover/paper_texture.png  used on input line 2.
(luatex.def)             Requested size: 597.50229pt x 845.03291pt.
[3]
Chapter 2.
(d:/LenovoSoftstore/TexLive/texlive/2024/texmf-dist/tex/generic/pgfornament/vectorian/vectorian88.pgf) (d:/LenovoSoftstore/TexLive/texlive/2024/texmf-dist/tex/generic/pgfornament/vectorian/vectorian89.pgf)
Package lettrine.sty Info: Targeted height = 22.73145pt
(lettrine.sty)             (for loversize=0, accent excluded),
(lettrine.sty)             Lettrine height = 22.66628pt (L);
(lettrine.sty)             reported on input line 7.
 (d:/LenovoSoftstore/TexLive/texlive/2024/texmf-dist/tex/generic/pgfornament/vectorian/vectorian9.pgf) (d:/LenovoSoftstore/TexLive/texlive/2024/texmf-dist/tex/generic/pgfornament/vectorian/vectorian9.pgf)) (./contents/ch3.tex
File: cover/paper_texture.png Graphic file (type png)
<use cover/paper_texture.png>
Package luatex.def Info: cover/paper_texture.png  used on input line 2.
(luatex.def)             Requested size: 597.50229pt x 845.03291pt.
 [4

]
Chapter 3.
(d:/LenovoSoftstore/TexLive/texlive/2024/texmf-dist/tex/generic/pgfornament/vectorian/vectorian88.pgf) (d:/LenovoSoftstore/TexLive/texlive/2024/texmf-dist/tex/generic/pgfornament/vectorian/vectorian89.pgf)
Package lettrine.sty Info: Targeted height = 22.73145pt
(lettrine.sty)             (for loversize=0, accent excluded),
(lettrine.sty)             Lettrine height = 22.96pt (O);
(lettrine.sty)             reported on input line 7.
 (d:/LenovoSoftstore/TexLive/texlive/2024/texmf-dist/tex/generic/pgfornament/vectorian/vectorian9.pgf) (d:/LenovoSoftstore/TexLive/texlive/2024/texmf-dist/tex/generic/pgfornament/vectorian/vectorian9.pgf)) (./contents/ch4.tex
File: cover/paper_texture.png Graphic file (type png)
<use cover/paper_texture.png>
Package luatex.def Info: cover/paper_texture.png  used on input line 2.
(luatex.def)             Requested size: 597.50229pt x 845.03291pt.
 [5

]
Chapter 4.
(d:/LenovoSoftstore/TexLive/texlive/2024/texmf-dist/tex/generic/pgfornament/vectorian/vectorian88.pgf) (d:/LenovoSoftstore/TexLive/texlive/2024/texmf-dist/tex/generic/pgfornament/vectorian/vectorian89.pgf)
Package lettrine.sty Info: Targeted height = 22.73145pt
(lettrine.sty)             (for loversize=0, accent excluded),
(lettrine.sty)             Lettrine height = 22.68259pt (T);
(lettrine.sty)             reported on input line 7.
 (d:/LenovoSoftstore/TexLive/texlive/2024/texmf-dist/tex/generic/pgfornament/vectorian/vectorian9.pgf) (d:/LenovoSoftstore/TexLive/texlive/2024/texmf-dist/tex/generic/pgfornament/vectorian/vectorian9.pgf)) (./contents/ch5.tex
File: cover/paper_texture.png Graphic file (type png)
<use cover/paper_texture.png>
Package luatex.def Info: cover/paper_texture.png  used on input line 2.
(luatex.def)             Requested size: 597.50229pt x 845.03291pt.
 [6

]
Chapter 5.
(d:/LenovoSoftstore/TexLive/texlive/2024/texmf-dist/tex/generic/pgfornament/vectorian/vectorian88.pgf) (d:/LenovoSoftstore/TexLive/texlive/2024/texmf-dist/tex/generic/pgfornament/vectorian/vectorian89.pgf)
Package lettrine.sty Info: Targeted height = 22.73145pt
(lettrine.sty)             (for loversize=0, accent excluded),
(lettrine.sty)             Lettrine height = 22.45413pt (N);
(lettrine.sty)             reported on input line 8.
) (d:/LenovoSoftstore/TexLive/texlive/2024/texmf-dist/tex/generic/pgfornament/vectorian/vectorian88.pgf)
File: cover/paper_texture.png Graphic file (type png)
<use cover/paper_texture.png>
Package luatex.def Info: cover/paper_texture.png  used on input line 39.
(luatex.def)             Requested size: 597.50229pt x 845.03291pt.
 [7

] (./main.aux)
 ***********
LaTeX2e <2023-11-01> patch level 1
L3 programming layer <2024-02-20>
 ***********


LaTeX Font Warning: Some font shapes were not available, defaults substituted.

)

Here is how much of LuaTeX's memory you used:
 19566 strings out of 476447
 125240,1977958 words of node,token memory allocated
 3667 words of node memory still in use:
   20 hlist, 7 vlist, 1 rule, 24 disc, 5 local_par, 66 glue, 66 kern, 11 penalty, 10 margin_kern, 247 glyph, 35 attribute, 55 glue_spec, 35 attribute_list, 2 write, 10 pdf_colorstack nodes
   avail lists: 1:1,2:8826,3:7640,4:298,5:1323,6:44,7:5013,8:2,9:644,10:16,11:246
 40728 multiletter control sequences out of 65536+600000
 69 fonts using 4625407 bytes
 117i,17n,114p,1034b,1093s stack positions out of 10000i,1000n,20000p,200000b,200000s
<./fonts/GrenzeGotisch-Black.ttf><./fonts/SpecialElite-Regular.ttf><./fonts/Almendra-BoldItalic.ttf><./fonts/AveriaSerifLibre-Bold.ttf><./fonts/AveriaSerifLibre-BoldItalic.ttf><./fonts/Almendra-Bold.ttf><./fonts/GrenzeGotisch-Bold.ttf><d:/LenovoSoftstore/TexLive/texlive/2024/texmf-dist/fonts/type1/public/amsfonts/cm/cmsy10.pfb>
Output written on main.pdf (11 pages, 7932513 bytes).

PDF statistics: 97 PDF objects out of 1000 (max. 8388607)
 60 compressed objects within 1 object stream
 0 named destinations out of 1000 (max. 131072)
 16 words of extra memory for PDF output out of 10000 (max. 100000000)

